c:\users\temporary\documents\visual studio 2010\projects\gameupdateloop\gameupdateloop\debug\vc100.pdb
c:\users\temporary\documents\visual studio 2010\projects\gameupdateloop\gameupdateloop\debug\gametime.obj
c:\users\temporary\documents\visual studio 2010\projects\gameupdateloop\gameupdateloop\debug\main.obj
c:\users\temporary\documents\visual studio 2010\projects\gameupdateloop\debug\gameupdateloop.ilk
c:\users\temporary\documents\visual studio 2010\projects\gameupdateloop\debug\gameupdateloop.exe
c:\users\temporary\documents\visual studio 2010\projects\gameupdateloop\gameupdateloop\debug\gameupdateloop.exe.intermediate.manifest
c:\users\temporary\documents\visual studio 2010\projects\gameupdateloop\debug\gameupdateloop.pdb
c:\users\temporary\documents\visual studio 2010\projects\gameupdateloop\gameupdateloop\debug\gameupdateloop.exe.embed.manifest
c:\users\temporary\documents\visual studio 2010\projects\gameupdateloop\gameupdateloop\debug\gameupdateloop.exe.embed.manifest.res
c:\users\bourkep\documents\gameupdateloop\gameupdateloop\gameupdateloop\debug\gametime.obj
c:\users\bourkep\documents\gameupdateloop\gameupdateloop\gameupdateloop\debug\main.obj
c:\users\bourkep\documents\gameupdateloop\gameupdateloop\gameupdateloop\debug\cl.command.1.tlog
c:\users\bourkep\documents\gameupdateloop\gameupdateloop\gameupdateloop\debug\cl.read.1.tlog
c:\users\bourkep\documents\gameupdateloop\gameupdateloop\gameupdateloop\debug\cl.write.1.tlog
c:\users\bourkep\documents\gameupdateloop\gameupdateloop\gameupdateloop\debug\link-cvtres.read.1.tlog
c:\users\bourkep\documents\gameupdateloop\gameupdateloop\gameupdateloop\debug\link-cvtres.write.1.tlog
c:\users\bourkep\documents\gameupdateloop\gameupdateloop\gameupdateloop\debug\link.1184-cvtres.read.1.tlog
c:\users\bourkep\documents\gameupdateloop\gameupdateloop\gameupdateloop\debug\link.1184-cvtres.write.1.tlog
c:\users\bourkep\documents\gameupdateloop\gameupdateloop\gameupdateloop\debug\link.1184.read.1.tlog
c:\users\bourkep\documents\gameupdateloop\gameupdateloop\gameupdateloop\debug\link.1184.write.1.tlog
c:\users\bourkep\documents\gameupdateloop\gameupdateloop\gameupdateloop\debug\link.4572-cvtres.read.1.tlog
c:\users\bourkep\documents\gameupdateloop\gameupdateloop\gameupdateloop\debug\link.4572-cvtres.write.1.tlog
c:\users\bourkep\documents\gameupdateloop\gameupdateloop\gameupdateloop\debug\link.4572.read.1.tlog
c:\users\bourkep\documents\gameupdateloop\gameupdateloop\gameupdateloop\debug\link.4572.write.1.tlog
c:\users\bourkep\documents\gameupdateloop\gameupdateloop\gameupdateloop\debug\link.5044-cvtres.read.1.tlog
c:\users\bourkep\documents\gameupdateloop\gameupdateloop\gameupdateloop\debug\link.5044-cvtres.write.1.tlog
c:\users\bourkep\documents\gameupdateloop\gameupdateloop\gameupdateloop\debug\link.5044.read.1.tlog
c:\users\bourkep\documents\gameupdateloop\gameupdateloop\gameupdateloop\debug\link.5044.write.1.tlog
c:\users\bourkep\documents\gameupdateloop\gameupdateloop\gameupdateloop\debug\link.command.1.tlog
c:\users\bourkep\documents\gameupdateloop\gameupdateloop\gameupdateloop\debug\link.read.1.tlog
c:\users\bourkep\documents\gameupdateloop\gameupdateloop\gameupdateloop\debug\link.write.1.tlog
c:\users\bourkep\documents\gameupdateloop\gameupdateloop\gameupdateloop\debug\mt.command.1.tlog
c:\users\bourkep\documents\gameupdateloop\gameupdateloop\gameupdateloop\debug\mt.read.1.tlog
c:\users\bourkep\documents\gameupdateloop\gameupdateloop\gameupdateloop\debug\mt.write.1.tlog
c:\users\bourkep\documents\gameupdateloop\gameupdateloop\gameupdateloop\debug\rc.command.1.tlog
c:\users\bourkep\documents\gameupdateloop\gameupdateloop\gameupdateloop\debug\rc.read.1.tlog
c:\users\bourkep\documents\gameupdateloop\gameupdateloop\gameupdateloop\debug\rc.write.1.tlog
c:\users\bourkep\documents\gameupdateloop\gameupdateloop\gameupdateloop\debug\gameupdateloop.exe.embed.manifest
c:\users\bourkep\documents\gameupdateloop\gameupdateloop\gameupdateloop\debug\gameupdateloop.exe.intermediate.manifest
c:\users\bourkep\documents\gameupdateloop\gameupdateloop\gameupdateloop\debug\gameupdateloop.exe.embed.manifest.res
c:\users\bourkep\documents\gameupdateloop\gameupdateloop\gameupdateloop\debug\vc100.idb
c:\users\bourkep\documents\gameupdateloop\gameupdateloop\gameupdateloop\debug\vc100.pdb
c:\users\bourkep\documents\gameupdateloop\gameupdateloop\gameupdateloop\debug\gameupdateloop_manifest.rc
c:\users\bourkep\documents\gameupdateloop\gameupdateloop\debug\gameupdateloop.pdb
c:\users\bourkep\documents\gameupdateloop\gameupdateloop\debug\gameupdateloop.exe
c:\users\bourkep\documents\gameupdateloop\gameupdateloop\debug\gameupdateloop.ilk
